warning: The `tool.uv.dev-dependencies` field (used in `pyproject.toml`) is deprecated and will be removed in a future release; use `dependency-groups.dev` instead
2025-12-05 16:19:44,007 - uvicorn.error - INFO - Will watch for changes in these directories: ['/home/okamoto/Projects/echoroo/back']
INFO:     Will watch for changes in these directories: ['/home/okamoto/Projects/echoroo/back']
2025-12-05 16:19:44,007 - uvicorn.error - INFO - Uvicorn running on http://0.0.0.0:5000 (Press CTRL+C to quit)
INFO:     Uvicorn running on http://0.0.0.0:5000 (Press CTRL+C to quit)
2025-12-05 16:19:44,007 - uvicorn.error - INFO - Started reloader process [701118] using WatchFiles
INFO:     Started reloader process [701118] using WatchFiles
2025-12-05 16:19:46,074 - echoroo.ml.registry - DEBUG - Registering model 'birdnet'
--- Logging error ---
Traceback (most recent call last):
  File "/usr/lib/python3.12/logging/__init__.py", line 1160, in emit
    msg = self.format(record)
          ^^^^^^^^^^^^^^^^^^^
  File "/usr/lib/python3.12/logging/__init__.py", line 999, in format
    return fmt.format(record)
           ^^^^^^^^^^^^^^^^^^
  File "/usr/lib/python3.12/logging/__init__.py", line 706, in format
    s = self.formatMessage(record)
        ^^^^^^^^^^^^^^^^^^^^^^^^^^
  File "/home/okamoto/Projects/echoroo/back/.venv/lib/python3.12/site-packages/uvicorn/logging.py", line 99, in formatMessage
    (
ValueError: not enough values to unpack (expected 5, got 1)
Call stack:
  File "<string>", line 1, in <module>
  File "/usr/lib/python3.12/multiprocessing/spawn.py", line 122, in spawn_main
    exitcode = _main(fd, parent_sentinel)
  File "/usr/lib/python3.12/multiprocessing/spawn.py", line 135, in _main
    return self._bootstrap(parent_sentinel)
  File "/usr/lib/python3.12/multiprocessing/process.py", line 314, in _bootstrap
    self.run()
  File "/usr/lib/python3.12/multiprocessing/process.py", line 108, in run
    self._target(*self._args, **self._kwargs)
  File "/home/okamoto/Projects/echoroo/back/.venv/lib/python3.12/site-packages/uvicorn/_subprocess.py", line 80, in subprocess_started
    target(sockets=sockets)
  File "/home/okamoto/Projects/echoroo/back/.venv/lib/python3.12/site-packages/uvicorn/server.py", line 65, in run
    return asyncio.run(self.serve(sockets=sockets))
  File "/usr/lib/python3.12/asyncio/runners.py", line 194, in run
    return runner.run(main)
  File "/usr/lib/python3.12/asyncio/runners.py", line 118, in run
    return self._loop.run_until_complete(task)
  File "/home/okamoto/Projects/echoroo/back/.venv/lib/python3.12/site-packages/uvicorn/server.py", line 69, in serve
    await self._serve(sockets)
  File "/home/okamoto/Projects/echoroo/back/.venv/lib/python3.12/site-packages/uvicorn/server.py", line 76, in _serve
    config.load()
  File "/home/okamoto/Projects/echoroo/back/.venv/lib/python3.12/site-packages/uvicorn/config.py", line 434, in load
    self.loaded_app = import_from_string(self.app)
  File "/home/okamoto/Projects/echoroo/back/.venv/lib/python3.12/site-packages/uvicorn/importer.py", line 19, in import_from_string
    module = importlib.import_module(module_str)
  File "/usr/lib/python3.12/importlib/__init__.py", line 90, in import_module
    return _bootstrap._gcd_import(name[level:], package, level)
  File "<frozen importlib._bootstrap>", line 1387, in _gcd_import
  File "<frozen importlib._bootstrap>", line 1360, in _find_and_load
  File "<frozen importlib._bootstrap>", line 1331, in _find_and_load_unlocked
  File "<frozen importlib._bootstrap>", line 935, in _load_unlocked
  File "<frozen importlib._bootstrap_external>", line 995, in exec_module
  File "<frozen importlib._bootstrap>", line 488, in _call_with_frames_removed
  File "/home/okamoto/Projects/echoroo/back/src/echoroo/app.py", line 9, in <module>
    app = create_app(settings)
  File "/home/okamoto/Projects/echoroo/back/src/echoroo/system/app/__init__.py", line 16, in create_app
    add_routes(app, settings)
  File "/home/okamoto/Projects/echoroo/back/src/echoroo/system/app/routes.py", line 17, in add_routes
    from echoroo.routes import get_main_router
  File "<frozen importlib._bootstrap>", line 1360, in _find_and_load
  File "<frozen importlib._bootstrap>", line 1331, in _find_and_load_unlocked
  File "<frozen importlib._bootstrap>", line 935, in _load_unlocked
  File "<frozen importlib._bootstrap_external>", line 995, in exec_module
  File "<frozen importlib._bootstrap>", line 488, in _call_with_frames_removed
  File "/home/okamoto/Projects/echoroo/back/src/echoroo/routes/__init__.py", line 5, in <module>
    from echoroo.routes.annotation_projects import get_annotation_projects_router
  File "<frozen importlib._bootstrap>", line 1360, in _find_and_load
  File "<frozen importlib._bootstrap>", line 1331, in _find_and_load_unlocked
  File "<frozen importlib._bootstrap>", line 935, in _load_unlocked
  File "<frozen importlib._bootstrap_external>", line 995, in exec_module
  File "<frozen importlib._bootstrap>", line 488, in _call_with_frames_removed
  File "/home/okamoto/Projects/echoroo/back/src/echoroo/routes/annotation_projects.py", line 10, in <module>
    from echoroo import api, models, schemas
  File "<frozen importlib._bootstrap>", line 1415, in _handle_fromlist
  File "<frozen importlib._bootstrap>", line 488, in _call_with_frames_removed
  File "<frozen importlib._bootstrap>", line 1360, in _find_and_load
  File "<frozen importlib._bootstrap>", line 1331, in _find_and_load_unlocked
  File "<frozen importlib._bootstrap>", line 935, in _load_unlocked
  File "<frozen importlib._bootstrap_external>", line 995, in exec_module
  File "<frozen importlib._bootstrap>", line 488, in _call_with_frames_removed
  File "/home/okamoto/Projects/echoroo/back/src/echoroo/api/__init__.py", line 3, in <module>
    from echoroo.api.annotation_projects import annotation_projects
  File "<frozen importlib._bootstrap>", line 1360, in _find_and_load
  File "<frozen importlib._bootstrap>", line 1331, in _find_and_load_unlocked
  File "<frozen importlib._bootstrap>", line 935, in _load_unlocked
  File "<frozen importlib._bootstrap_external>", line 995, in exec_module
  File "<frozen importlib._bootstrap>", line 488, in _call_with_frames_removed
  File "/home/okamoto/Projects/echoroo/back/src/echoroo/api/annotation_projects.py", line 13, in <module>
    from echoroo import exceptions, models, schemas
  File "<frozen importlib._bootstrap>", line 1415, in _handle_fromlist
  File "<frozen importlib._bootstrap>", line 488, in _call_with_frames_removed
  File "<frozen importlib._bootstrap>", line 1360, in _find_and_load
  File "<frozen importlib._bootstrap>", line 1331, in _find_and_load_unlocked
  File "<frozen importlib._bootstrap>", line 935, in _load_unlocked
  File "<frozen importlib._bootstrap_external>", line 995, in exec_module
  File "<frozen importlib._bootstrap>", line 488, in _call_with_frames_removed
  File "/home/okamoto/Projects/echoroo/back/src/echoroo/schemas/__init__.py", line 169, in <module>
    from echoroo.schemas.setup import (
  File "<frozen importlib._bootstrap>", line 1360, in _find_and_load
  File "<frozen importlib._bootstrap>", line 1331, in _find_and_load_unlocked
  File "<frozen importlib._bootstrap>", line 935, in _load_unlocked
  File "<frozen importlib._bootstrap_external>", line 995, in exec_module
  File "<frozen importlib._bootstrap>", line 488, in _call_with_frames_removed
  File "/home/okamoto/Projects/echoroo/back/src/echoroo/schemas/setup.py", line 7, in <module>
    from echoroo.ml.installer.base import InstallStatus
  File "<frozen importlib._bootstrap>", line 1360, in _find_and_load
  File "<frozen importlib._bootstrap>", line 1310, in _find_and_load_unlocked
  File "<frozen importlib._bootstrap>", line 488, in _call_with_frames_removed
  File "<frozen importlib._bootstrap>", line 1360, in _find_and_load
  File "<frozen importlib._bootstrap>", line 1310, in _find_and_load_unlocked
  File "<frozen importlib._bootstrap>", line 488, in _call_with_frames_removed
  File "<frozen importlib._bootstrap>", line 1360, in _find_and_load
  File "<frozen importlib._bootstrap>", line 1331, in _find_and_load_unlocked
  File "<frozen importlib._bootstrap>", line 935, in _load_unlocked
  File "<frozen importlib._bootstrap_external>", line 995, in exec_module
  File "<frozen importlib._bootstrap>", line 488, in _call_with_frames_removed
  File "/home/okamoto/Projects/echoroo/back/src/echoroo/ml/__init__.py", line 51, in <module>
    from echoroo.ml import birdnet as birdnet  # noqa: F401
  File "<frozen importlib._bootstrap>", line 1415, in _handle_fromlist
  File "<frozen importlib._bootstrap>", line 488, in _call_with_frames_removed
  File "<frozen importlib._bootstrap>", line 1360, in _find_and_load
  File "<frozen importlib._bootstrap>", line 1331, in _find_and_load_unlocked
  File "<frozen importlib._bootstrap>", line 935, in _load_unlocked
  File "<frozen importlib._bootstrap_external>", line 995, in exec_module
  File "<frozen importlib._bootstrap>", line 488, in _call_with_frames_removed
  File "/home/okamoto/Projects/echoroo/back/src/echoroo/ml/birdnet/__init__.py", line 49, in <module>
    ModelRegistry.register(
  File "/home/okamoto/Projects/echoroo/back/src/echoroo/ml/registry.py", line 179, in register
    logger.debug("Registering model '%s'", name)
Message: "Registering model '%s'"
Arguments: ('birdnet',)
/home/okamoto/Projects/echoroo/back/.venv/lib/python3.12/site-packages/pydantic/_internal/_fields.py:132: UserWarning: Field "model_run" in Body_import_model_run_import__post has conflict with protected namespace "model_".

You may be able to resolve this warning by setting `model_config['protected_namespaces'] = ()`.
  warnings.warn(
/home/okamoto/Projects/echoroo/back/.venv/lib/python3.12/site-packages/pydantic/_internal/_fields.py:132: UserWarning: Field "model_run" in Body_import_model_run_api_v1_model_runs_import__post has conflict with protected namespace "model_".

You may be able to resolve this warning by setting `model_config['protected_namespaces'] = ()`.
  warnings.warn(
2025-12-05 16:19:50,660 - uvicorn.error - INFO - Started server process [701184]
INFO:     Started server process [701184]
2025-12-05 16:19:50,660 - uvicorn.error - INFO - Waiting for application startup.
INFO:     Waiting for application startup.
INFO:Context impl SQLiteImpl.
INFO:Will assume non-transactional DDL.
INFO:Context impl SQLiteImpl.
INFO:Will assume non-transactional DDL.

[31m[1mEchoroo is running in development mode![0m

[32m[1mDatabase URL:[0m sqlite+aiosqlite:///echoroo.db

[32m[1mSettings:[0m {
    "dev": true,
    "debug": false,
    "db_dialect": "postgresql",
    "db_host": "localhost",
    "db_port": 5432,
    "db_name": "echoroo",
    "audio_dir": "/home/okamoto/NAS_A/whombat_data",
    "host": "0.0.0.0",
    "port": 5000,
    "domain": "158.210.76.175",
    "log_config": "logging.conf",
    "log_to_file": true,
    "log_to_stdout": false,
    "log_dir": "logs",
    "log_level": "info",
    "cors_origins": [
        "http://127.0.0.1:3000",
        "http://localhost:3000"
    ],
    "open_on_startup": true,
    "auth_cookie_secure": false,
    "auth_cookie_samesite": "lax",
    "metadata_dir": "/home/okamoto/.local/share/echoroo/metadata"
}
    
2025-12-05 16:19:50,992 - uvicorn.error - ERROR - Traceback (most recent call last):
  File "/home/okamoto/Projects/echoroo/back/.venv/lib/python3.12/site-packages/alembic/script/base.py", line 254, in _catch_revision_errors
    yield
  File "/home/okamoto/Projects/echoroo/back/.venv/lib/python3.12/site-packages/alembic/script/base.py", line 501, in _stamp_revs
    self.revision_map.filter_for_lineage(
  File "/home/okamoto/Projects/echoroo/back/.venv/lib/python3.12/site-packages/alembic/script/revision.py", line 692, in filter_for_lineage
    id_, branch_label = self._resolve_revision_number(check_against)
                        ^^^^^^^^^^^^^^^^^^^^^^^^^^^^^^^^^^^^^^^^^^^^
  File "/home/okamoto/Projects/echoroo/back/.venv/lib/python3.12/site-packages/alembic/script/revision.py", line 778, in _resolve_revision_number
    current_head = self.get_current_head(branch_label)
                   ^^^^^^^^^^^^^^^^^^^^^^^^^^^^^^^^^^^
  File "/home/okamoto/Projects/echoroo/back/.venv/lib/python3.12/site-packages/alembic/script/revision.py", line 508, in get_current_head
    raise MultipleHeads(
alembic.script.revision.MultipleHeads: Multiple heads are present for given argument 'head'; a1b2c3d4e5f6, c7a3f2e8d901

The above exception was the direct cause of the following exception:

Traceback (most recent call last):
  File "/home/okamoto/Projects/echoroo/back/.venv/lib/python3.12/site-packages/starlette/routing.py", line 693, in lifespan
    async with self.lifespan_context(app) as maybe_state:
  File "/usr/lib/python3.12/contextlib.py", line 210, in __aenter__
    return await anext(self.gen)
           ^^^^^^^^^^^^^^^^^^^^^
  File "/home/okamoto/Projects/echoroo/back/.venv/lib/python3.12/site-packages/fastapi/routing.py", line 133, in merged_lifespan
    async with original_context(app) as maybe_original_state:
  File "/usr/lib/python3.12/contextlib.py", line 210, in __aenter__
    return await anext(self.gen)
           ^^^^^^^^^^^^^^^^^^^^^
  File "/home/okamoto/Projects/echoroo/back/src/echoroo/system/app/lifespan.py", line 14, in lifespan
    await echoroo_init(settings)
  File "/home/okamoto/Projects/echoroo/back/src/echoroo/system/boot.py", line 95, in echoroo_init
    await init_database(settings)
  File "/home/okamoto/Projects/echoroo/back/src/echoroo/system/database.py", line 341, in init_database
    await conn.run_sync(create_or_update_db, cfg)
  File "/home/okamoto/Projects/echoroo/back/.venv/lib/python3.12/site-packages/sqlalchemy/ext/asyncio/engine.py", line 886, in run_sync
    return await greenlet_spawn(
           ^^^^^^^^^^^^^^^^^^^^^
  File "/home/okamoto/Projects/echoroo/back/.venv/lib/python3.12/site-packages/sqlalchemy/util/_concurrency_py3k.py", line 203, in greenlet_spawn
    result = context.switch(value)
             ^^^^^^^^^^^^^^^^^^^^^
  File "/home/okamoto/Projects/echoroo/back/src/echoroo/system/database.py", line 272, in create_or_update_db
    create_db(conn, cfg)
  File "/home/okamoto/Projects/echoroo/back/src/echoroo/system/database.py", line 258, in create_db
    stamp(cfg, "head")
  File "/home/okamoto/Projects/echoroo/back/.venv/lib/python3.12/site-packages/alembic/command.py", line 699, in stamp
    script.run_env()
  File "/home/okamoto/Projects/echoroo/back/.venv/lib/python3.12/site-packages/alembic/script/base.py", line 586, in run_env
    util.load_python_file(self.dir, "env.py")
  File "/home/okamoto/Projects/echoroo/back/.venv/lib/python3.12/site-packages/alembic/util/pyfiles.py", line 95, in load_python_file
    module = load_module_py(module_id, path)
             ^^^^^^^^^^^^^^^^^^^^^^^^^^^^^^^
  File "/home/okamoto/Projects/echoroo/back/.venv/lib/python3.12/site-packages/alembic/util/pyfiles.py", line 113, in load_module_py
    spec.loader.exec_module(module)  # type: ignore
    ^^^^^^^^^^^^^^^^^^^^^^^^^^^^^^^
  File "<frozen importlib._bootstrap_external>", line 995, in exec_module
  File "<frozen importlib._bootstrap>", line 488, in _call_with_frames_removed
  File "/home/okamoto/Projects/echoroo/back/src/echoroo/migrations/env.py", line 139, in <module>
    run_migrations_online()
  File "/home/okamoto/Projects/echoroo/back/src/echoroo/migrations/env.py", line 133, in run_migrations_online
    run_migrations()
  File "/home/okamoto/Projects/echoroo/back/src/echoroo/migrations/env.py", line 106, in run_migrations
    do_run_migrations(connection)
  File "/home/okamoto/Projects/echoroo/back/src/echoroo/migrations/env.py", line 93, in do_run_migrations
    context.run_migrations()
  File "<string>", line 8, in run_migrations
  File "/home/okamoto/Projects/echoroo/back/.venv/lib/python3.12/site-packages/alembic/runtime/environment.py", line 946, in run_migrations
    self.get_context().run_migrations(**kw)
  File "/home/okamoto/Projects/echoroo/back/.venv/lib/python3.12/site-packages/alembic/runtime/migration.py", line 616, in run_migrations
    for step in self._migrations_fn(heads, self):
                ^^^^^^^^^^^^^^^^^^^^^^^^^^^^^^^^
  File "/home/okamoto/Projects/echoroo/back/.venv/lib/python3.12/site-packages/alembic/command.py", line 687, in do_stamp
    return script._stamp_revs(util.to_tuple(destination_revs), rev)
           ^^^^^^^^^^^^^^^^^^^^^^^^^^^^^^^^^^^^^^^^^^^^^^^^^^^^^^^^
  File "/home/okamoto/Projects/echoroo/back/.venv/lib/python3.12/site-packages/alembic/script/base.py", line 486, in _stamp_revs
    with self._catch_revision_errors(
  File "/usr/lib/python3.12/contextlib.py", line 158, in __exit__
    self.gen.throw(value)
  File "/home/okamoto/Projects/echoroo/back/.venv/lib/python3.12/site-packages/alembic/script/base.py", line 280, in _catch_revision_errors
    raise util.CommandError(multiple_heads) from mh
alembic.util.exc.CommandError: Multiple heads are present; please specify a single target revision

ERROR:    Traceback (most recent call last):
  File "/home/okamoto/Projects/echoroo/back/.venv/lib/python3.12/site-packages/alembic/script/base.py", line 254, in _catch_revision_errors
    yield
  File "/home/okamoto/Projects/echoroo/back/.venv/lib/python3.12/site-packages/alembic/script/base.py", line 501, in _stamp_revs
    self.revision_map.filter_for_lineage(
  File "/home/okamoto/Projects/echoroo/back/.venv/lib/python3.12/site-packages/alembic/script/revision.py", line 692, in filter_for_lineage
    id_, branch_label = self._resolve_revision_number(check_against)
                        ^^^^^^^^^^^^^^^^^^^^^^^^^^^^^^^^^^^^^^^^^^^^
  File "/home/okamoto/Projects/echoroo/back/.venv/lib/python3.12/site-packages/alembic/script/revision.py", line 778, in _resolve_revision_number
    current_head = self.get_current_head(branch_label)
                   ^^^^^^^^^^^^^^^^^^^^^^^^^^^^^^^^^^^
  File "/home/okamoto/Projects/echoroo/back/.venv/lib/python3.12/site-packages/alembic/script/revision.py", line 508, in get_current_head
    raise MultipleHeads(
alembic.script.revision.MultipleHeads: Multiple heads are present for given argument 'head'; a1b2c3d4e5f6, c7a3f2e8d901

The above exception was the direct cause of the following exception:

Traceback (most recent call last):
  File "/home/okamoto/Projects/echoroo/back/.venv/lib/python3.12/site-packages/starlette/routing.py", line 693, in lifespan
    async with self.lifespan_context(app) as maybe_state:
  File "/usr/lib/python3.12/contextlib.py", line 210, in __aenter__
    return await anext(self.gen)
           ^^^^^^^^^^^^^^^^^^^^^
  File "/home/okamoto/Projects/echoroo/back/.venv/lib/python3.12/site-packages/fastapi/routing.py", line 133, in merged_lifespan
    async with original_context(app) as maybe_original_state:
  File "/usr/lib/python3.12/contextlib.py", line 210, in __aenter__
    return await anext(self.gen)
           ^^^^^^^^^^^^^^^^^^^^^
  File "/home/okamoto/Projects/echoroo/back/src/echoroo/system/app/lifespan.py", line 14, in lifespan
    await echoroo_init(settings)
  File "/home/okamoto/Projects/echoroo/back/src/echoroo/system/boot.py", line 95, in echoroo_init
    await init_database(settings)
  File "/home/okamoto/Projects/echoroo/back/src/echoroo/system/database.py", line 341, in init_database
    await conn.run_sync(create_or_update_db, cfg)
  File "/home/okamoto/Projects/echoroo/back/.venv/lib/python3.12/site-packages/sqlalchemy/ext/asyncio/engine.py", line 886, in run_sync
    return await greenlet_spawn(
           ^^^^^^^^^^^^^^^^^^^^^
  File "/home/okamoto/Projects/echoroo/back/.venv/lib/python3.12/site-packages/sqlalchemy/util/_concurrency_py3k.py", line 203, in greenlet_spawn
    result = context.switch(value)
             ^^^^^^^^^^^^^^^^^^^^^
  File "/home/okamoto/Projects/echoroo/back/src/echoroo/system/database.py", line 272, in create_or_update_db
    create_db(conn, cfg)
  File "/home/okamoto/Projects/echoroo/back/src/echoroo/system/database.py", line 258, in create_db
    stamp(cfg, "head")
  File "/home/okamoto/Projects/echoroo/back/.venv/lib/python3.12/site-packages/alembic/command.py", line 699, in stamp
    script.run_env()
  File "/home/okamoto/Projects/echoroo/back/.venv/lib/python3.12/site-packages/alembic/script/base.py", line 586, in run_env
    util.load_python_file(self.dir, "env.py")
  File "/home/okamoto/Projects/echoroo/back/.venv/lib/python3.12/site-packages/alembic/util/pyfiles.py", line 95, in load_python_file
    module = load_module_py(module_id, path)
             ^^^^^^^^^^^^^^^^^^^^^^^^^^^^^^^
  File "/home/okamoto/Projects/echoroo/back/.venv/lib/python3.12/site-packages/alembic/util/pyfiles.py", line 113, in load_module_py
    spec.loader.exec_module(module)  # type: ignore
    ^^^^^^^^^^^^^^^^^^^^^^^^^^^^^^^
  File "<frozen importlib._bootstrap_external>", line 995, in exec_module
  File "<frozen importlib._bootstrap>", line 488, in _call_with_frames_removed
  File "/home/okamoto/Projects/echoroo/back/src/echoroo/migrations/env.py", line 139, in <module>
    run_migrations_online()
  File "/home/okamoto/Projects/echoroo/back/src/echoroo/migrations/env.py", line 133, in run_migrations_online
    run_migrations()
  File "/home/okamoto/Projects/echoroo/back/src/echoroo/migrations/env.py", line 106, in run_migrations
    do_run_migrations(connection)
  File "/home/okamoto/Projects/echoroo/back/src/echoroo/migrations/env.py", line 93, in do_run_migrations
    context.run_migrations()
  File "<string>", line 8, in run_migrations
  File "/home/okamoto/Projects/echoroo/back/.venv/lib/python3.12/site-packages/alembic/runtime/environment.py", line 946, in run_migrations
    self.get_context().run_migrations(**kw)
  File "/home/okamoto/Projects/echoroo/back/.venv/lib/python3.12/site-packages/alembic/runtime/migration.py", line 616, in run_migrations
    for step in self._migrations_fn(heads, self):
                ^^^^^^^^^^^^^^^^^^^^^^^^^^^^^^^^
  File "/home/okamoto/Projects/echoroo/back/.venv/lib/python3.12/site-packages/alembic/command.py", line 687, in do_stamp
    return script._stamp_revs(util.to_tuple(destination_revs), rev)
           ^^^^^^^^^^^^^^^^^^^^^^^^^^^^^^^^^^^^^^^^^^^^^^^^^^^^^^^^
  File "/home/okamoto/Projects/echoroo/back/.venv/lib/python3.12/site-packages/alembic/script/base.py", line 486, in _stamp_revs
    with self._catch_revision_errors(
  File "/usr/lib/python3.12/contextlib.py", line 158, in __exit__
    self.gen.throw(value)
  File "/home/okamoto/Projects/echoroo/back/.venv/lib/python3.12/site-packages/alembic/script/base.py", line 280, in _catch_revision_errors
    raise util.CommandError(multiple_heads) from mh
alembic.util.exc.CommandError: Multiple heads are present; please specify a single target revision

2025-12-05 16:19:50,992 - uvicorn.error - ERROR - Application startup failed. Exiting.
ERROR:    Application startup failed. Exiting.
2025-12-05 16:24:30,364 - uvicorn.error - INFO - Stopping reloader process [701118]
INFO:     Stopping reloader process [701118]
